{
  "RSpec": {
    "coverage": {
      "/Users/david/Desktop/projects/bookmark_challenge/with_Brooke/Bookmark-manager/app.rb": [
        1,
        1,
        null,
        1,
        null,
        1,
        1,
        null,
        1,
        1,
        null,
        null,
        1,
        4,
        4,
        null,
        null,
        1,
        2,
        null,
        null,
        1,
        3,
        3,
        null,
        null,
        1,
        null,
        null
      ],
      "/Users/david/Desktop/projects/bookmark_challenge/with_Brooke/Bookmark-manager/lib/bookmark.rb": [
        1,
        null,
        1,
        null,
        1,
        null,
        1,
        20,
        20,
        20,
        null,
        null,
        1,
        5,
        5,
        null,
        0,
        null,
        null,
        5,
        5,
        10,
        null,
        null,
        null,
        null,
        1,
        10,
        10,
        null,
        0,
        null,
        null,
        10,
        10,
        null,
        null,
        null
      ],
      "/Users/david/Desktop/projects/bookmark_challenge/with_Brooke/Bookmark-manager/spec/features/add_bookmark_spec.rb": [
        1,
        1,
        1,
        1,
        1,
        1,
        null,
        null,
        null,
        1,
        null,
        null
      ],
      "/Users/david/Desktop/projects/bookmark_challenge/with_Brooke/Bookmark-manager/spec/features/bookmarks_feature_spec.rb": [
        1,
        null,
        1,
        null,
        1,
        1,
        1,
        null,
        1,
        1,
        1,
        1,
        null,
        null,
        null
      ],
      "/Users/david/Desktop/projects/bookmark_challenge/with_Brooke/Bookmark-manager/spec/features/deleting_bookmark_feature_spec.rb": [
        1,
        1,
        1,
        1,
        1,
        1,
        1,
        null,
        1,
        1,
        null,
        null
      ],
      "/Users/david/Desktop/projects/bookmark_challenge/with_Brooke/Bookmark-manager/spec/features/index_feature_spec.rb": [
        null,
        1,
        null,
        1,
        1,
        1,
        null,
        null,
        null
      ],
      "/Users/david/Desktop/projects/bookmark_challenge/with_Brooke/Bookmark-manager/spec/units/bookmark_spec.rb": [
        1,
        1,
        null,
        1,
        null,
        1,
        1,
        null,
        1,
        null,
        1,
        1,
        1,
        null,
        1,
        null,
        1,
        1,
        1,
        1,
        1,
        null,
        null,
        null,
        null,
        1,
        null,
        1,
        1,
        1,
        null,
        1,
        1,
        1,
        1,
        null,
        null,
        null,
        null,
        null
      ],
      "/Users/david/Desktop/projects/bookmark_challenge/with_Brooke/Bookmark-manager/spec/database_helpers.rb": [
        1,
        null,
        1,
        1,
        1,
        null
      ]
    },
    "timestamp": 1548948739
  }
}
